
------------------------
2018.04.08 11:18:40
DEBUG
{"id":1,"firstname":"\u0439\u0446","lastname":"\u0439\u0446","phone":"","email":""}
------------------------

------------------------
2018.04.08 11:18:56
DEBUG
{"id":2,"firstname":"\u0446\u0443","lastname":"\u0446\u0443","phone":"","email":""}
------------------------

------------------------
2018.04.08 11:19:05
DEBUG
{"id":3,"firstname":"\u0443\u043a","lastname":"\u0443\u043a","phone":"","email":""}
------------------------

------------------------
2018.04.08 11:19:12
start
Array
(
    [0] => Array
        (
            [id] => 1
            [firstname] => йц
            [lastname] => йц
            [phone] => 
            [email] => 
        )

    [1] => Array
        (
            [id] => 2
            [firstname] => цу
            [lastname] => цу
            [phone] => 
            [email] => 
        )

    [2] => Array
        (
            [id] => 3
            [firstname] => ук
            [lastname] => ук
            [phone] => 
            [email] => 
        )

)

------------------------

------------------------
2018.04.08 11:19:12
finish
Array
(
    [0] => Array
        (
            [id] => 1
            [firstname] => йц
            [lastname] => йц
            [phone] => 
            [email] => 
        )

    [1] => Array
        (
            [id] => 3
            [firstname] => ук
            [lastname] => ук
            [phone] => 
            [email] => 
        )

)

------------------------

------------------------
2018.04.11 12:41:20
get_users
Array
(
    [0] => Array
        (
            [id] => 1
            [firstname] => йц
            [lastname] => йц
            [phone] => 
            [email] => 
        )

    [2] => Array
        (
            [id] => 3
            [firstname] => ук
            [lastname] => ук
            [phone] => 
            [email] => 
        )

    [3] => Array
        (
            [id] => 4
            [firstname] => прпар
            [lastname] => прпар
            [phone] => 
            [email] => 
        )

)

------------------------

------------------------
2018.04.11 12:44:00
get_users
Array
(
    [0] => Array
        (
            [id] => 1
            [firstname] => йц
            [lastname] => йц
            [phone] => 
            [email] => 
        )

    [2] => Array
        (
            [id] => 3
            [firstname] => ук
            [lastname] => ук
            [phone] => 
            [email] => 
        )

    [3] => Array
        (
            [id] => 4
            [firstname] => прпар
            [lastname] => прпар
            [phone] => 
            [email] => 
        )

)

------------------------

------------------------
2018.04.11 12:45:17
get_users
Array
(
    [0] => Array
        (
            [id] => 1
            [firstname] => йц
            [lastname] => йц
            [phone] => 
            [email] => 
        )

    [2] => Array
        (
            [id] => 3
            [firstname] => ук
            [lastname] => ук
            [phone] => 
            [email] => 
        )

    [3] => Array
        (
            [id] => 4
            [firstname] => прпар
            [lastname] => прпар
            [phone] => 
            [email] => 
        )

)

------------------------

------------------------
2018.04.11 12:45:41
get_users
Array
(
    [0] => Array
        (
            [id] => 1
            [firstname] => йц
            [lastname] => йц
            [phone] => 
            [email] => 
        )

    [2] => Array
        (
            [id] => 3
            [firstname] => ук
            [lastname] => ук
            [phone] => 
            [email] => 
        )

    [3] => Array
        (
            [id] => 4
            [firstname] => прпар
            [lastname] => прпар
            [phone] => 
            [email] => 
        )

)

------------------------

------------------------
2018.04.11 12:45:53
get_users
Array
(
    [0] => Array
        (
            [id] => 1
            [firstname] => йц
            [lastname] => йц
            [phone] => 
            [email] => 
        )

    [2] => Array
        (
            [id] => 3
            [firstname] => ук
            [lastname] => ук
            [phone] => 
            [email] => 
        )

    [3] => Array
        (
            [id] => 4
            [firstname] => прпар
            [lastname] => прпар
            [phone] => 
            [email] => 
        )

)

------------------------

------------------------
2018.04.11 12:45:58
get_users
Array
(
    [0] => Array
        (
            [id] => 1
            [firstname] => йц
            [lastname] => йц
            [phone] => 
            [email] => 
        )

    [2] => Array
        (
            [id] => 3
            [firstname] => ук
            [lastname] => ук
            [phone] => 
            [email] => 
        )

    [3] => Array
        (
            [id] => 4
            [firstname] => прпар
            [lastname] => прпар
            [phone] => 
            [email] => 
        )

)

------------------------

------------------------
2018.04.11 12:46:10
key
1
------------------------

------------------------
2018.04.11 12:46:10
get_users
Array
(
    [0] => Array
        (
            [id] => 1
            [firstname] => йц
            [lastname] => йц
            [phone] => 
            [email] => 
        )

    [2] => Array
        (
            [id] => 3
            [firstname] => ук
            [lastname] => ук
            [phone] => 
            [email] => 
        )

    [3] => Array
        (
            [id] => 4
            [firstname] => прпар
            [lastname] => прпар
            [phone] => 
            [email] => 
        )

    [1] => Array
        (
            [id] => 3
            [firstname] => ук
            [lastname] => ук
            [phone] => 111
            [email] => 
        )

)

------------------------

------------------------
2018.04.11 12:49:28
get_users
Array
(
    [0] => Array
        (
            [id] => 1
            [firstname] => йц
            [lastname] => йц
            [phone] => 
            [email] => 
        )

    [2] => Array
        (
            [id] => 3
            [firstname] => ук
            [lastname] => ук
            [phone] => 
            [email] => 
        )

    [3] => Array
        (
            [id] => 4
            [firstname] => прпар
            [lastname] => прпар
            [phone] => 
            [email] => 
        )

    [1] => Array
        (
            [id] => 3
            [firstname] => ук
            [lastname] => ук
            [phone] => 111
            [email] => 
        )

)

------------------------

------------------------
2018.04.11 12:55:06
get_users
Array
(
    [0] => Array
        (
            [id] => 1
            [firstname] => йц
            [lastname] => йц
            [phone] => 
            [email] => 
        )

    [2] => Array
        (
            [id] => 3
            [firstname] => ук
            [lastname] => ук
            [phone] => 
            [email] => 
        )

    [3] => Array
        (
            [id] => 4
            [firstname] => прпар
            [lastname] => прпар
            [phone] => 
            [email] => 
        )

    [1] => Array
        (
            [id] => 3
            [firstname] => ук
            [lastname] => ук
            [phone] => 111
            [email] => 
        )

)

------------------------

------------------------
2018.04.11 12:57:08
get_users
Array
(
    [0] => Array
        (
            [id] => 1
            [firstname] => йц
            [lastname] => йц
            [phone] => 
            [email] => 
        )

    [2] => Array
        (
            [id] => 3
            [firstname] => ук
            [lastname] => ук
            [phone] => 
            [email] => 
        )

    [3] => Array
        (
            [id] => 4
            [firstname] => прпар
            [lastname] => прпар
            [phone] => 
            [email] => 
        )

    [1] => Array
        (
            [id] => 3
            [firstname] => ук
            [lastname] => ук
            [phone] => 111
            [email] => 
        )

)

------------------------

------------------------
2018.04.11 12:58:08
get_users
Array
(
    [0] => Array
        (
            [id] => 1
            [firstname] => йц
            [lastname] => йц
            [phone] => 
            [email] => 
        )

    [2] => Array
        (
            [id] => 3
            [firstname] => ук
            [lastname] => ук
            [phone] => 
            [email] => 
        )

    [3] => Array
        (
            [id] => 4
            [firstname] => прпар
            [lastname] => прпар
            [phone] => 
            [email] => 
        )

    [1] => Array
        (
            [id] => 3
            [firstname] => ук
            [lastname] => ук
            [phone] => 111
            [email] => 
        )

)

------------------------

------------------------
2018.04.11 12:59:06
get_users
Array
(
    [0] => Array
        (
            [id] => 1
            [firstname] => йц
            [lastname] => йц
            [phone] => 
            [email] => 
        )

    [2] => Array
        (
            [id] => 3
            [firstname] => ук
            [lastname] => ук
            [phone] => 
            [email] => 
        )

    [3] => Array
        (
            [id] => 4
            [firstname] => прпар
            [lastname] => прпар
            [phone] => 
            [email] => 
        )

    [1] => Array
        (
            [id] => 3
            [firstname] => ук
            [lastname] => ук
            [phone] => 111
            [email] => 
        )

)

------------------------

------------------------
2018.04.11 13:02:07
get_users
Array
(
    [0] => Array
        (
            [id] => 1
            [firstname] => йц
            [lastname] => йц
            [phone] => 
            [email] => 
        )

    [2] => Array
        (
            [id] => 3
            [firstname] => ук
            [lastname] => ук
            [phone] => 
            [email] => 
        )

    [3] => Array
        (
            [id] => 4
            [firstname] => прпар
            [lastname] => прпар
            [phone] => 
            [email] => 
        )

    [1] => Array
        (
            [id] => 3
            [firstname] => ук
            [lastname] => ук
            [phone] => 111
            [email] => 
        )

)

------------------------

------------------------
2018.04.11 13:04:56
get_users
Array
(
    [0] => Array
        (
            [id] => 1
            [firstname] => йц
            [lastname] => йц
            [phone] => 
            [email] => 
        )

    [2] => Array
        (
            [id] => 3
            [firstname] => ук
            [lastname] => ук
            [phone] => 
            [email] => 
        )

    [3] => Array
        (
            [id] => 4
            [firstname] => прпар
            [lastname] => прпар
            [phone] => 
            [email] => 
        )

    [1] => Array
        (
            [id] => 3
            [firstname] => ук
            [lastname] => ук
            [phone] => 111
            [email] => 
        )

)

------------------------

------------------------
2018.04.11 13:07:23
get_users
Array
(
    [0] => Array
        (
            [id] => 1
            [firstname] => йц
            [lastname] => йц
            [phone] => 
            [email] => 
        )

    [2] => Array
        (
            [id] => 3
            [firstname] => ук
            [lastname] => ук
            [phone] => 
            [email] => 
        )

    [3] => Array
        (
            [id] => 4
            [firstname] => прпар
            [lastname] => прпар
            [phone] => 
            [email] => 
        )

    [1] => Array
        (
            [id] => 3
            [firstname] => ук
            [lastname] => ук
            [phone] => 111
            [email] => 
        )

)

------------------------

------------------------
2018.04.11 13:11:06
get_users
Array
(
    [0] => Array
        (
            [id] => 1
            [firstname] => йц
            [lastname] => йц
            [phone] => 
            [email] => 
        )

    [2] => Array
        (
            [id] => 3
            [firstname] => ук
            [lastname] => ук
            [phone] => 
            [email] => 
        )

    [3] => Array
        (
            [id] => 4
            [firstname] => прпар
            [lastname] => прпар
            [phone] => 
            [email] => 
        )

    [1] => Array
        (
            [id] => 3
            [firstname] => ук
            [lastname] => ук
            [phone] => 111
            [email] => 
        )

)

------------------------

------------------------
2018.04.11 13:12:02
get_users
Array
(
    [0] => Array
        (
            [id] => 1
            [firstname] => йц
            [lastname] => йц
            [phone] => 
            [email] => 
        )

    [2] => Array
        (
            [id] => 3
            [firstname] => ук
            [lastname] => ук
            [phone] => 
            [email] => 
        )

    [3] => Array
        (
            [id] => 4
            [firstname] => прпар
            [lastname] => прпар
            [phone] => 
            [email] => 
        )

    [1] => Array
        (
            [id] => 3
            [firstname] => ук
            [lastname] => ук
            [phone] => 111
            [email] => 
        )

)

------------------------

------------------------
2018.04.11 13:17:06
get_users
Array
(
    [0] => Array
        (
            [id] => 1
            [firstname] => йц
            [lastname] => йц
            [phone] => 
            [email] => 
        )

    [2] => Array
        (
            [id] => 3
            [firstname] => ук
            [lastname] => ук
            [phone] => 
            [email] => 
        )

    [3] => Array
        (
            [id] => 4
            [firstname] => прпар
            [lastname] => прпар
            [phone] => 
            [email] => 
        )

    [1] => Array
        (
            [id] => 3
            [firstname] => ук
            [lastname] => ук
            [phone] => 111
            [email] => 
        )

)

------------------------

------------------------
2018.04.11 13:21:52
get_users
Array
(
    [0] => Array
        (
            [id] => 1
            [firstname] => йц
            [lastname] => йц
            [phone] => 
            [email] => 
        )

    [2] => Array
        (
            [id] => 3
            [firstname] => ук
            [lastname] => ук
            [phone] => 
            [email] => 
        )

    [3] => Array
        (
            [id] => 4
            [firstname] => прпар
            [lastname] => прпар
            [phone] => 
            [email] => 
        )

    [1] => Array
        (
            [id] => 3
            [firstname] => ук
            [lastname] => ук
            [phone] => 111
            [email] => 
        )

)

------------------------

------------------------
2018.04.11 13:28:26
get_users
Array
(
    [0] => Array
        (
            [id] => 1
            [firstname] => йц
            [lastname] => йц
            [phone] => 
            [email] => 
        )

    [2] => Array
        (
            [id] => 3
            [firstname] => ук
            [lastname] => ук
            [phone] => 
            [email] => 
        )

    [3] => Array
        (
            [id] => 4
            [firstname] => прпар
            [lastname] => прпар
            [phone] => 
            [email] => 
        )

    [1] => Array
        (
            [id] => 3
            [firstname] => ук
            [lastname] => ук
            [phone] => 111
            [email] => 
        )

)

------------------------

------------------------
2018.04.11 13:35:17
get_users
Array
(
    [0] => Array
        (
            [id] => 1
            [firstname] => йц
            [lastname] => йц
            [phone] => 
            [email] => 
        )

    [2] => Array
        (
            [id] => 3
            [firstname] => ук
            [lastname] => ук
            [phone] => 
            [email] => 
        )

    [3] => Array
        (
            [id] => 4
            [firstname] => прпар
            [lastname] => прпар
            [phone] => 
            [email] => 
        )

    [1] => Array
        (
            [id] => 3
            [firstname] => ук
            [lastname] => ук
            [phone] => 111
            [email] => 
        )

)

------------------------

------------------------
2018.04.11 13:37:09
get_users
Array
(
    [0] => Array
        (
            [id] => 1
            [firstname] => йц
            [lastname] => йц
            [phone] => 
            [email] => 
        )

    [2] => Array
        (
            [id] => 3
            [firstname] => ук
            [lastname] => ук
            [phone] => 
            [email] => 
        )

    [3] => Array
        (
            [id] => 4
            [firstname] => прпар
            [lastname] => прпар
            [phone] => 
            [email] => 
        )

    [1] => Array
        (
            [id] => 3
            [firstname] => ук
            [lastname] => ук
            [phone] => 111
            [email] => 
        )

)

------------------------

------------------------
2018.04.11 13:41:38
get_users
Array
(
    [0] => Array
        (
            [id] => 1
            [firstname] => йц
            [lastname] => йц
            [phone] => 
            [email] => 
        )

    [2] => Array
        (
            [id] => 3
            [firstname] => ук
            [lastname] => ук
            [phone] => 
            [email] => 
        )

    [3] => Array
        (
            [id] => 4
            [firstname] => прпар
            [lastname] => прпар
            [phone] => 
            [email] => 
        )

    [1] => Array
        (
            [id] => 3
            [firstname] => ук
            [lastname] => ук
            [phone] => 111
            [email] => 
        )

)

------------------------

------------------------
2018.04.11 13:43:43
get_users
Array
(
    [0] => Array
        (
            [id] => 1
            [firstname] => йц
            [lastname] => йц
            [phone] => 
            [email] => 
        )

    [2] => Array
        (
            [id] => 3
            [firstname] => ук
            [lastname] => ук
            [phone] => 
            [email] => 
        )

    [3] => Array
        (
            [id] => 4
            [firstname] => прпар
            [lastname] => прпар
            [phone] => 
            [email] => 
        )

    [1] => Array
        (
            [id] => 3
            [firstname] => ук
            [lastname] => ук
            [phone] => 111
            [email] => 
        )

)

------------------------

------------------------
2018.04.11 13:45:06
get_users
Array
(
    [0] => Array
        (
            [id] => 1
            [firstname] => йц
            [lastname] => йц
            [phone] => 
            [email] => 
        )

    [2] => Array
        (
            [id] => 3
            [firstname] => ук
            [lastname] => ук
            [phone] => 
            [email] => 
        )

    [3] => Array
        (
            [id] => 4
            [firstname] => прпар
            [lastname] => прпар
            [phone] => 
            [email] => 
        )

    [1] => Array
        (
            [id] => 3
            [firstname] => ук
            [lastname] => ук
            [phone] => 111
            [email] => 
        )

)

------------------------

------------------------
2018.04.11 13:46:15
get_users
Array
(
    [0] => Array
        (
            [id] => 1
            [firstname] => йц
            [lastname] => йц
            [phone] => 
            [email] => 
        )

    [2] => Array
        (
            [id] => 3
            [firstname] => ук
            [lastname] => ук
            [phone] => 
            [email] => 
        )

    [3] => Array
        (
            [id] => 4
            [firstname] => прпар
            [lastname] => прпар
            [phone] => 
            [email] => 
        )

    [1] => Array
        (
            [id] => 3
            [firstname] => ук
            [lastname] => ук
            [phone] => 111
            [email] => 
        )

)

------------------------

------------------------
2018.04.11 13:46:51
get_users
Array
(
    [0] => Array
        (
            [id] => 1
            [firstname] => йц
            [lastname] => йц
            [phone] => 
            [email] => 
        )

    [2] => Array
        (
            [id] => 3
            [firstname] => ук
            [lastname] => ук
            [phone] => 
            [email] => 
        )

    [3] => Array
        (
            [id] => 4
            [firstname] => прпар
            [lastname] => прпар
            [phone] => 
            [email] => 
        )

    [1] => Array
        (
            [id] => 3
            [firstname] => ук
            [lastname] => ук
            [phone] => 111
            [email] => 
        )

)

------------------------

------------------------
2018.04.11 13:49:36
get_users
Array
(
    [0] => Array
        (
            [id] => 1
            [firstname] => йц
            [lastname] => йц
            [phone] => 
            [email] => 
        )

    [2] => Array
        (
            [id] => 3
            [firstname] => ук
            [lastname] => ук
            [phone] => 
            [email] => 
        )

    [3] => Array
        (
            [id] => 4
            [firstname] => прпар
            [lastname] => прпар
            [phone] => 
            [email] => 
        )

    [1] => Array
        (
            [id] => 3
            [firstname] => ук
            [lastname] => ук
            [phone] => 111
            [email] => 
        )

)

------------------------

------------------------
2018.04.11 13:51:02
get_users
Array
(
    [0] => Array
        (
            [id] => 1
            [firstname] => йц
            [lastname] => йц
            [phone] => 
            [email] => 
        )

    [2] => Array
        (
            [id] => 3
            [firstname] => ук
            [lastname] => ук
            [phone] => 
            [email] => 
        )

    [3] => Array
        (
            [id] => 4
            [firstname] => прпар
            [lastname] => прпар
            [phone] => 
            [email] => 
        )

    [1] => Array
        (
            [id] => 3
            [firstname] => ук
            [lastname] => ук
            [phone] => 111
            [email] => 
        )

)

------------------------

------------------------
2018.04.11 13:54:23
get_users
Array
(
    [0] => Array
        (
            [id] => 1
            [firstname] => йц
            [lastname] => йц
            [phone] => 
            [email] => 
        )

    [2] => Array
        (
            [id] => 3
            [firstname] => ук
            [lastname] => ук
            [phone] => 
            [email] => 
        )

    [3] => Array
        (
            [id] => 4
            [firstname] => прпар
            [lastname] => прпар
            [phone] => 
            [email] => 
        )

    [1] => Array
        (
            [id] => 3
            [firstname] => ук
            [lastname] => ук
            [phone] => 111
            [email] => 
        )

)

------------------------

------------------------
2018.04.11 13:59:11
get_users
Array
(
    [0] => Array
        (
            [id] => 1
            [firstname] => йц
            [lastname] => йц
            [phone] => 
            [email] => 
        )

    [2] => Array
        (
            [id] => 3
            [firstname] => ук
            [lastname] => ук
            [phone] => 
            [email] => 
        )

    [3] => Array
        (
            [id] => 4
            [firstname] => прпар
            [lastname] => прпар
            [phone] => 
            [email] => 
        )

    [1] => Array
        (
            [id] => 3
            [firstname] => ук
            [lastname] => ук
            [phone] => 111
            [email] => 
        )

)

------------------------

------------------------
2018.04.11 14:05:57
get_users
Array
(
    [0] => Array
        (
            [id] => 1
            [firstname] => йц
            [lastname] => йц
            [phone] => 
            [email] => 
        )

    [2] => Array
        (
            [id] => 3
            [firstname] => ук
            [lastname] => ук
            [phone] => 
            [email] => 
        )

    [3] => Array
        (
            [id] => 4
            [firstname] => прпар
            [lastname] => прпар
            [phone] => 
            [email] => 
        )

    [1] => Array
        (
            [id] => 3
            [firstname] => ук
            [lastname] => ук
            [phone] => 111
            [email] => 
        )

)

------------------------

------------------------
2018.04.11 14:09:51
get_users
Array
(
    [0] => Array
        (
            [id] => 1
            [firstname] => йц
            [lastname] => йц
            [phone] => 
            [email] => 
        )

    [2] => Array
        (
            [id] => 3
            [firstname] => ук
            [lastname] => ук
            [phone] => 
            [email] => 
        )

    [3] => Array
        (
            [id] => 4
            [firstname] => прпар
            [lastname] => прпар
            [phone] => 
            [email] => 
        )

    [1] => Array
        (
            [id] => 3
            [firstname] => ук
            [lastname] => ук
            [phone] => 111
            [email] => 
        )

)

------------------------

------------------------
2018.04.11 14:15:32
get_users
Array
(
    [0] => Array
        (
            [id] => 1
            [firstname] => йц
            [lastname] => йц
            [phone] => 
            [email] => 
        )

    [2] => Array
        (
            [id] => 3
            [firstname] => ук
            [lastname] => ук
            [phone] => 
            [email] => 
        )

    [3] => Array
        (
            [id] => 4
            [firstname] => прпар
            [lastname] => прпар
            [phone] => 
            [email] => 
        )

    [1] => Array
        (
            [id] => 3
            [firstname] => ук
            [lastname] => ук
            [phone] => 111
            [email] => 
        )

)

------------------------

------------------------
2018.04.11 14:16:44
get_users
Array
(
    [0] => Array
        (
            [id] => 1
            [firstname] => йц
            [lastname] => йц
            [phone] => 
            [email] => 
        )

    [2] => Array
        (
            [id] => 3
            [firstname] => ук
            [lastname] => ук
            [phone] => 
            [email] => 
        )

    [3] => Array
        (
            [id] => 4
            [firstname] => прпар
            [lastname] => прпар
            [phone] => 
            [email] => 
        )

    [1] => Array
        (
            [id] => 3
            [firstname] => ук
            [lastname] => ук
            [phone] => 111
            [email] => 
        )

)

------------------------

------------------------
2018.04.11 14:20:39
get_users
Array
(
    [0] => Array
        (
            [id] => 1
            [firstname] => йц
            [lastname] => йц
            [phone] => 
            [email] => 
        )

    [2] => Array
        (
            [id] => 3
            [firstname] => ук
            [lastname] => ук
            [phone] => 
            [email] => 
        )

    [3] => Array
        (
            [id] => 4
            [firstname] => прпар
            [lastname] => прпар
            [phone] => 
            [email] => 
        )

    [1] => Array
        (
            [id] => 3
            [firstname] => ук
            [lastname] => ук
            [phone] => 111
            [email] => 
        )

)

------------------------

------------------------
2018.04.11 14:22:07
get_users
Array
(
    [0] => Array
        (
            [id] => 1
            [firstname] => йц
            [lastname] => йц
            [phone] => 
            [email] => 
        )

    [2] => Array
        (
            [id] => 3
            [firstname] => ук
            [lastname] => ук
            [phone] => 
            [email] => 
        )

    [3] => Array
        (
            [id] => 4
            [firstname] => прпар
            [lastname] => прпар
            [phone] => 
            [email] => 
        )

    [1] => Array
        (
            [id] => 3
            [firstname] => ук
            [lastname] => ук
            [phone] => 111
            [email] => 
        )

)

------------------------

------------------------
2018.04.11 14:23:23
get_users
Array
(
    [0] => Array
        (
            [id] => 1
            [firstname] => йц
            [lastname] => йц
            [phone] => 
            [email] => 
        )

    [2] => Array
        (
            [id] => 3
            [firstname] => ук
            [lastname] => ук
            [phone] => 
            [email] => 
        )

    [3] => Array
        (
            [id] => 4
            [firstname] => прпар
            [lastname] => прпар
            [phone] => 
            [email] => 
        )

    [1] => Array
        (
            [id] => 3
            [firstname] => ук
            [lastname] => ук
            [phone] => 111
            [email] => 
        )

)

------------------------

------------------------
2018.04.11 16:34:15
get_users
Array
(
    [0] => Array
        (
            [id] => 1
            [firstname] => йц
            [lastname] => йц
            [phone] => 
            [email] => 
        )

    [2] => Array
        (
            [id] => 3
            [firstname] => ук
            [lastname] => ук
            [phone] => 
            [email] => 
        )

    [3] => Array
        (
            [id] => 4
            [firstname] => прпар
            [lastname] => прпар
            [phone] => 
            [email] => 
        )

    [1] => Array
        (
            [id] => 3
            [firstname] => ук
            [lastname] => ук
            [phone] => 111
            [email] => 
        )

)

------------------------

------------------------
2018.04.11 16:45:07
get_users
Array
(
    [0] => Array
        (
            [id] => 1
            [firstname] => йц
            [lastname] => йц
            [phone] => 
            [email] => 
        )

    [2] => Array
        (
            [id] => 3
            [firstname] => ук
            [lastname] => ук
            [phone] => 
            [email] => 
        )

    [3] => Array
        (
            [id] => 4
            [firstname] => прпар
            [lastname] => прпар
            [phone] => 
            [email] => 
        )

    [1] => Array
        (
            [id] => 3
            [firstname] => ук
            [lastname] => ук
            [phone] => 111
            [email] => 
        )

)

------------------------

------------------------
2018.04.11 16:47:14
get_users
Array
(
    [0] => Array
        (
            [id] => 1
            [firstname] => йц
            [lastname] => йц
            [phone] => 
            [email] => 
        )

    [2] => Array
        (
            [id] => 3
            [firstname] => ук
            [lastname] => ук
            [phone] => 
            [email] => 
        )

    [3] => Array
        (
            [id] => 4
            [firstname] => прпар
            [lastname] => прпар
            [phone] => 
            [email] => 
        )

    [1] => Array
        (
            [id] => 3
            [firstname] => ук
            [lastname] => ук
            [phone] => 111
            [email] => 
        )

)

------------------------

------------------------
2018.04.11 16:49:50
get_users
Array
(
    [0] => Array
        (
            [id] => 1
            [firstname] => йц
            [lastname] => йц
            [phone] => 
            [email] => 
        )

    [2] => Array
        (
            [id] => 3
            [firstname] => ук
            [lastname] => ук
            [phone] => 
            [email] => 
        )

    [3] => Array
        (
            [id] => 4
            [firstname] => прпар
            [lastname] => прпар
            [phone] => 
            [email] => 
        )

    [1] => Array
        (
            [id] => 3
            [firstname] => ук
            [lastname] => ук
            [phone] => 111
            [email] => 
        )

)

------------------------

------------------------
2018.04.11 16:58:36
get_users
Array
(
    [0] => Array
        (
            [id] => 1
            [firstname] => йц
            [lastname] => йц
            [phone] => 
            [email] => 
        )

    [2] => Array
        (
            [id] => 3
            [firstname] => ук
            [lastname] => ук
            [phone] => 
            [email] => 
        )

    [3] => Array
        (
            [id] => 4
            [firstname] => прпар
            [lastname] => прпар
            [phone] => 
            [email] => 
        )

    [1] => Array
        (
            [id] => 3
            [firstname] => ук
            [lastname] => ук
            [phone] => 111
            [email] => 
        )

)

------------------------

------------------------
2018.04.11 16:59:28
get_users
Array
(
    [0] => Array
        (
            [id] => 1
            [firstname] => йц
            [lastname] => йц
            [phone] => 
            [email] => 
        )

    [2] => Array
        (
            [id] => 3
            [firstname] => ук
            [lastname] => ук
            [phone] => 
            [email] => 
        )

    [3] => Array
        (
            [id] => 4
            [firstname] => прпар
            [lastname] => прпар
            [phone] => 
            [email] => 
        )

    [1] => Array
        (
            [id] => 3
            [firstname] => ук
            [lastname] => ук
            [phone] => 111
            [email] => 
        )

)

------------------------

------------------------
2018.04.11 17:00:13
get_users
Array
(
    [0] => Array
        (
            [id] => 1
            [firstname] => йц
            [lastname] => йц
            [phone] => 
            [email] => 
        )

    [2] => Array
        (
            [id] => 3
            [firstname] => ук
            [lastname] => ук
            [phone] => 
            [email] => 
        )

    [3] => Array
        (
            [id] => 4
            [firstname] => прпар
            [lastname] => прпар
            [phone] => 
            [email] => 
        )

    [1] => Array
        (
            [id] => 3
            [firstname] => ук
            [lastname] => ук
            [phone] => 111
            [email] => 
        )

)

------------------------

------------------------
2018.04.12 9:15:13
get_users
Array
(
    [0] => Array
        (
            [id] => 1
            [firstname] => йц
            [lastname] => йц
            [phone] => 
            [email] => 
        )

    [2] => Array
        (
            [id] => 3
            [firstname] => ук
            [lastname] => ук
            [phone] => 
            [email] => 
        )

    [3] => Array
        (
            [id] => 4
            [firstname] => прпар
            [lastname] => прпар
            [phone] => 
            [email] => 
        )

    [1] => Array
        (
            [id] => 3
            [firstname] => ук
            [lastname] => ук
            [phone] => 111
            [email] => 
        )

)

------------------------

------------------------
2018.04.12 9:16:51
get_users
Array
(
    [0] => Array
        (
            [id] => 1
            [firstname] => йц
            [lastname] => йц
            [phone] => 
            [email] => 
        )

    [2] => Array
        (
            [id] => 3
            [firstname] => ук
            [lastname] => ук
            [phone] => 
            [email] => 
        )

    [3] => Array
        (
            [id] => 4
            [firstname] => прпар
            [lastname] => прпар
            [phone] => 
            [email] => 
        )

    [1] => Array
        (
            [id] => 3
            [firstname] => ук
            [lastname] => ук
            [phone] => 111
            [email] => 
        )

)

------------------------

------------------------
2018.04.12 9:37:39
get_users
Array
(
    [0] => Array
        (
            [id] => 1
            [firstname] => йц
            [lastname] => йц
            [phone] => 
            [email] => 
        )

    [2] => Array
        (
            [id] => 3
            [firstname] => ук
            [lastname] => ук
            [phone] => 
            [email] => 
        )

    [3] => Array
        (
            [id] => 4
            [firstname] => прпар
            [lastname] => прпар
            [phone] => 
            [email] => 
        )

    [1] => Array
        (
            [id] => 3
            [firstname] => ук
            [lastname] => ук
            [phone] => 111
            [email] => 
        )

)

------------------------

------------------------
2018.04.12 9:39:25
get_users
Array
(
    [0] => Array
        (
            [id] => 1
            [firstname] => йц
            [lastname] => йц
            [phone] => 
            [email] => 
        )

    [2] => Array
        (
            [id] => 3
            [firstname] => ук
            [lastname] => ук
            [phone] => 
            [email] => 
        )

    [3] => Array
        (
            [id] => 4
            [firstname] => прпар
            [lastname] => прпар
            [phone] => 
            [email] => 
        )

    [1] => Array
        (
            [id] => 3
            [firstname] => ук
            [lastname] => ук
            [phone] => 111
            [email] => 
        )

)

------------------------

------------------------
2018.04.12 12:09:59
get_users
Array
(
    [0] => Array
        (
            [id] => 1
            [firstname] => йц
            [lastname] => йц
            [phone] => 
            [email] => 
        )

    [2] => Array
        (
            [id] => 3
            [firstname] => ук
            [lastname] => ук
            [phone] => 
            [email] => 
        )

    [3] => Array
        (
            [id] => 4
            [firstname] => прпар
            [lastname] => прпар
            [phone] => 
            [email] => 
        )

    [1] => Array
        (
            [id] => 3
            [firstname] => ук
            [lastname] => ук
            [phone] => 111
            [email] => 
        )

)

------------------------

------------------------
2018.04.12 12:15:18
get_users
Array
(
    [0] => Array
        (
            [id] => 1
            [firstname] => йц
            [lastname] => йц
            [phone] => 
            [email] => 
        )

    [2] => Array
        (
            [id] => 3
            [firstname] => ук
            [lastname] => ук
            [phone] => 
            [email] => 
        )

    [3] => Array
        (
            [id] => 4
            [firstname] => прпар
            [lastname] => прпар
            [phone] => 
            [email] => 
        )

    [1] => Array
        (
            [id] => 3
            [firstname] => ук
            [lastname] => ук
            [phone] => 111
            [email] => 
        )

)

------------------------

------------------------
2018.04.12 12:16:55
get_users
Array
(
    [0] => Array
        (
            [id] => 1
            [firstname] => йц
            [lastname] => йц
            [phone] => 
            [email] => 
        )

    [2] => Array
        (
            [id] => 3
            [firstname] => ук
            [lastname] => ук
            [phone] => 
            [email] => 
        )

    [3] => Array
        (
            [id] => 4
            [firstname] => прпар
            [lastname] => прпар
            [phone] => 
            [email] => 
        )

    [1] => Array
        (
            [id] => 3
            [firstname] => ук
            [lastname] => ук
            [phone] => 111
            [email] => 
        )

)

------------------------

------------------------
2018.04.12 12:22:44
get_users
Array
(
    [0] => Array
        (
            [id] => 1
            [firstname] => йц
            [lastname] => йц
            [phone] => 
            [email] => 
        )

    [2] => Array
        (
            [id] => 3
            [firstname] => ук
            [lastname] => ук
            [phone] => 
            [email] => 
        )

    [3] => Array
        (
            [id] => 4
            [firstname] => прпар
            [lastname] => прпар
            [phone] => 
            [email] => 
        )

    [1] => Array
        (
            [id] => 3
            [firstname] => ук
            [lastname] => ук
            [phone] => 111
            [email] => 
        )

)

------------------------

------------------------
2018.04.12 12:24:06
get_users
Array
(
    [0] => Array
        (
            [id] => 1
            [firstname] => йц
            [lastname] => йц
            [phone] => 
            [email] => 
        )

    [2] => Array
        (
            [id] => 3
            [firstname] => ук
            [lastname] => ук
            [phone] => 
            [email] => 
        )

    [3] => Array
        (
            [id] => 4
            [firstname] => прпар
            [lastname] => прпар
            [phone] => 
            [email] => 
        )

    [1] => Array
        (
            [id] => 3
            [firstname] => ук
            [lastname] => ук
            [phone] => 111
            [email] => 
        )

)

------------------------

------------------------
2018.04.12 12:26:31
get_users
Array
(
    [0] => Array
        (
            [id] => 1
            [firstname] => йц
            [lastname] => йц
            [phone] => 
            [email] => 
        )

    [2] => Array
        (
            [id] => 3
            [firstname] => ук
            [lastname] => ук
            [phone] => 
            [email] => 
        )

    [3] => Array
        (
            [id] => 4
            [firstname] => прпар
            [lastname] => прпар
            [phone] => 
            [email] => 
        )

    [1] => Array
        (
            [id] => 3
            [firstname] => ук
            [lastname] => ук
            [phone] => 111
            [email] => 
        )

)

------------------------

------------------------
2018.04.12 12:29:29
get_users
Array
(
    [0] => Array
        (
            [id] => 1
            [firstname] => йц
            [lastname] => йц
            [phone] => 
            [email] => 
        )

    [2] => Array
        (
            [id] => 3
            [firstname] => ук
            [lastname] => ук
            [phone] => 
            [email] => 
        )

    [3] => Array
        (
            [id] => 4
            [firstname] => прпар
            [lastname] => прпар
            [phone] => 
            [email] => 
        )

    [1] => Array
        (
            [id] => 3
            [firstname] => ук
            [lastname] => ук
            [phone] => 111
            [email] => 
        )

)

------------------------

------------------------
2018.04.12 12:30:13
get_users
Array
(
    [0] => Array
        (
            [id] => 1
            [firstname] => йц
            [lastname] => йц
            [phone] => 
            [email] => 
        )

    [2] => Array
        (
            [id] => 3
            [firstname] => ук
            [lastname] => ук
            [phone] => 
            [email] => 
        )

    [3] => Array
        (
            [id] => 4
            [firstname] => прпар
            [lastname] => прпар
            [phone] => 
            [email] => 
        )

    [1] => Array
        (
            [id] => 3
            [firstname] => ук
            [lastname] => ук
            [phone] => 111
            [email] => 
        )

)

------------------------

------------------------
2018.04.12 12:31:34
get_users
Array
(
    [0] => Array
        (
            [id] => 1
            [firstname] => йц
            [lastname] => йц
            [phone] => 
            [email] => 
        )

    [2] => Array
        (
            [id] => 3
            [firstname] => ук
            [lastname] => ук
            [phone] => 
            [email] => 
        )

    [3] => Array
        (
            [id] => 4
            [firstname] => прпар
            [lastname] => прпар
            [phone] => 
            [email] => 
        )

    [1] => Array
        (
            [id] => 3
            [firstname] => ук
            [lastname] => ук
            [phone] => 111
            [email] => 
        )

)

------------------------

------------------------
2018.04.12 12:53:08
get_users
Array
(
    [0] => Array
        (
            [id] => 1
            [firstname] => йц
            [lastname] => йц
            [phone] => 
            [email] => 
        )

    [2] => Array
        (
            [id] => 3
            [firstname] => ук
            [lastname] => ук
            [phone] => 
            [email] => 
        )

    [3] => Array
        (
            [id] => 4
            [firstname] => прпар
            [lastname] => прпар
            [phone] => 
            [email] => 
        )

    [1] => Array
        (
            [id] => 3
            [firstname] => ук
            [lastname] => ук
            [phone] => 111
            [email] => 
        )

)

------------------------

------------------------
2018.04.12 16:16:02
key
0
------------------------

------------------------
2018.04.12 17:38:49
get_point
Array
(
    [type] => FeatureCollection
    [features] => Array
        (
            [type] => Feature
            [id] => 0
            [geometry] => Array
                (
                    [type] => Point
                    [coordinates] => Array
                        (
                            [0] => 55.831903
                            [1] => 37.411961
                        )

                )

        )

)

------------------------

------------------------
2018.04.12 17:39:14
get_point
Array
(
    [type] => FeatureCollection
    [features] => Array
        (
            [type] => Feature
            [id] => 0
            [geometry] => Array
                (
                    [type] => Point
                    [coordinates] => Array
                        (
                            [0] => 55.831903
                            [1] => 37.411961
                        )

                )

        )

)

------------------------

------------------------
2018.04.12 17:41:20
get_point
Array
(
    [type] => FeatureCollection
    [features] => Array
        (
            [0] => Array
                (
                    [type] => Feature
                    [id] => 0
                    [geometry] => Array
                        (
                            [type] => Point
                            [coordinates] => Array
                                (
                                    [0] => 55.831903
                                    [1] => 37.411961
                                )

                        )

                )

        )

)

------------------------

------------------------
2018.04.13 8:29:49
result_features
Array
(
)

------------------------

------------------------
2018.04.13 8:31:58
DEBUG
Array
(
    [id] => 1
    [latitude] => 56.3269
    [longitude] => 44.0075
)

------------------------

------------------------
2018.04.13 8:33:44
result_features
Array
(
    [0] => Array
        (
            [type] => Feature
            [id] => 1
            [geometry] => Array
                (
                    [type] => Point
                    [coordinates] => Array
                        (
                            [0] => 56.3269
                            [1] => 44.0075
                        )

                )

        )

)

------------------------
